#
# There is insufficient memory for the Java Runtime Environment to continue.
# Native memory allocation (malloc) failed to allocate 8192 bytes for AllocateHeap
# Possible reasons:
#   The system is out of physical RAM or swap space
#   In 32 bit mode, the process size limit was hit
# Possible solutions:
#   Reduce memory load on the system
#   Increase physical memory or swap space
#   Check if swap backing store is full
#   Use 64 bit Java on a 64 bit OS
#   Decrease Java heap size (-Xmx/-Xms)
#   Decrease number of Java threads
#   Decrease Java thread stack sizes (-Xss)
#   Set larger code cache with -XX:ReservedCodeCacheSize=
# This output file may be truncated or incomplete.
#
#  Out of Memory Error (memory/allocation.inline.hpp:61), pid=3184, tid=6492
#
# JRE version:  (7.0_75-b13) (build )
# Java VM: Java HotSpot(TM) 64-Bit Server VM (24.75-b04 mixed mode windows-amd64 compressed oops)
# Failed to write core dump. Minidumps are not enabled by default on client versions of Windows
#

---------------  T H R E A D  ---------------

Current thread (0x0000000001ea0800):  JavaThread "main" [_thread_in_vm, id=6492, stack(0x0000000001d40000,0x0000000001e40000)]

Stack: [0x0000000001d40000,0x0000000001e40000]
[error occurred during error reporting (printing stack bounds), id 0xc0000005]


[error occurred during error reporting (printing native stack), id 0xc0000005]

Java frames: (J=compiled Java code, j=interpreted, Vv=VM code)
j  java.lang.System.initializeSystemClass()V+37
v  ~StubRoutines::call_stub

---------------  P R O C E S S  ---------------

Java Threads: ( => current thread )
  0x0000000007dfe800 JavaThread "Finalizer" daemon [_thread_blocked, id=4220, stack(0x00000000090c0000,0x00000000091c0000)]
  0x0000000007df5800 JavaThread "Reference Handler" daemon [_thread_blocked, id=5428, stack(0x0000000008fc0000,0x00000000090c0000)]
=>0x0000000001ea0800 JavaThread "main" [_thread_in_vm, id=6492, stack(0x0000000001d40000,0x0000000001e40000)]

Other Threads:
  0x0000000007df1800 VMThread [stack: 0x0000000008ec0000,0x0000000008fc0000] [id=2836]

VM state:not at safepoint (normal execution)

VM Mutex/Monitor currently owned by a thread:  ([mutex/lock_event])
[0x0000000001e9bee0] SymbolTable_lock - owner thread: 0x0000000001ea0800

Heap
 PSYoungGen      total 38400K, used 1331K [0x00000000eaa80000, 0x00000000ed500000, 0x0000000100000000)
  eden space 33280K, 4% used [0x00000000eaa80000,0x00000000eabccdb8,0x00000000ecb00000)
  from space 5120K, 0% used [0x00000000ed000000,0x00000000ed000000,0x00000000ed500000)
  to   space 5120K, 0% used [0x00000000ecb00000,0x00000000ecb00000,0x00000000ed000000)
 ParOldGen       total 86528K, used 0K [0x00000000c0000000, 0x00000000c5480000, 0x00000000eaa80000)
  object space 86528K, 0% used [0x00000000c0000000,0x00000000c0000000,0x00000000c5480000)
 PSPermGen       total 21504K, used 976K [0x00000000bae00000, 0x00000000bc300000, 0x00000000c0000000)
  object space 21504K, 4% used [0x00000000bae00000,0x00000000baef42b0,0x00000000bc300000)

Card table byte_map: [0x0000000005060000,0x0000000005290000] byte_map_base: 0x0000000004a89000

Polling page: 0x00000000004d0000

Code Cache  [0x0000000001fa0000, 0x0000000002210000, 0x0000000004fa0000)
 total_blobs=76 nmethods=0 adapters=53 free_code_cache=48818Kb largest_free_block=49989504

Compilation events (0 events):
No events

GC Heap History (0 events):
No events

Deoptimization events (0 events):
No events

Internal exceptions (0 events):
No events

Events (10 events):
Event: 0.027 loading class 0x0000000001ef05d0
Event: 0.027 loading class 0x0000000001ef05d0 done
Event: 0.027 loading class 0x0000000001efb940 done
Event: 0.028 loading class 0x0000000001ef60c0
Event: 0.028 loading class 0x0000000001ef60c0 done
Event: 0.028 loading class 0x0000000001ee7870
Event: 0.028 loading class 0x0000000001ee7870 done
Event: 0.028 loading class 0x0000000001ee7620
Event: 0.028 loading class 0x0000000001ef3fe0
Event: 0.028 loading class 0x0000000001f15e40


Dynamic libraries:
0x000007f734d40000 - 0x000007f734d73000 	C:\Program Files\Java\jdk1.7.0_75\bin\java.exe
0x000007fb256f0000 - 0x000007fb258ae000 	C:\Windows\SYSTEM32\ntdll.dll
0x000007fb24ad0000 - 0x000007fb24c06000 	C:\Windows\system32\KERNEL32.DLL
0x000007fb226f0000 - 0x000007fb227e3000 	C:\Windows\system32\KERNELBASE.dll
0x000007fb254a0000 - 0x000007fb2557e000 	C:\Windows\system32\ADVAPI32.dll
0x000007fb240e0000 - 0x000007fb2422c000 	C:\Windows\system32\USER32.dll
0x000007fb202f0000 - 0x000007fb20559000 	C:\Windows\WinSxS\amd64_microsoft.windows.common-controls_6595b64144ccf1df_6.0.9200.16384_none_418c2a697189c07f\COMCTL32.dll
0x000007fb25080000 - 0x000007fb25125000 	C:\Windows\system32\msvcrt.dll
0x000007fb24c10000 - 0x000007fb24c58000 	C:\Windows\SYSTEM32\sechost.dll
0x000007fb252d0000 - 0x000007fb25410000 	C:\Windows\system32\RPCRT4.dll
0x000007fb25580000 - 0x000007fb256c0000 	C:\Windows\system32\GDI32.dll
0x000007fb25410000 - 0x000007fb25449000 	C:\Windows\system32\IMM32.DLL
0x000007fb24c60000 - 0x000007fb24d74000 	C:\Windows\system32\MSCTF.dll
0x0000000069100000 - 0x00000000691d2000 	C:\Program Files\Java\jdk1.7.0_75\jre\bin\msvcr100.dll
0x0000000068920000 - 0x00000000690f4000 	C:\Program Files\Java\jdk1.7.0_75\jre\bin\server\jvm.dll
0x000007fb1d0d0000 - 0x000007fb1d0d9000 	C:\Windows\SYSTEM32\WSOCK32.dll
0x000007fb17650000 - 0x000007fb17670000 	C:\Windows\SYSTEM32\WINMM.dll
0x000007fb24230000 - 0x000007fb24237000 	C:\Windows\system32\PSAPI.DLL
0x000007fb24d80000 - 0x000007fb24dd8000 	C:\Windows\system32\WS2_32.dll
0x000007fb17610000 - 0x000007fb17642000 	C:\Windows\SYSTEM32\WINMMBASE.dll
0x000007fb24620000 - 0x000007fb24629000 	C:\Windows\system32\NSI.dll
0x0000000068910000 - 0x000000006891f000 	C:\Program Files\Java\jdk1.7.0_75\jre\bin\verify.dll
0x00000000688e0000 - 0x0000000068908000 	C:\Program Files\Java\jdk1.7.0_75\jre\bin\java.dll
0x00000000688c0000 - 0x00000000688d5000 	C:\Program Files\Java\jdk1.7.0_75\jre\bin\zip.dll

VM Arguments:
jvm_args: -Djava.awt.headless=true -Xmx1024M -Dfile.encoding=windows-1252 -Duser.country=US -Duser.language=en -Duser.variant 
java_command: com.android.dx.command.Main --dex --force-jumbo --num-threads=4 --multi-dex --output C:\Users\MugenKlaus\AndroidStudioProjects\MyApplication5\app\build\intermediates\transforms\dex\debug\folders\1000\5\slice_3 C:\Users\MugenKlaus\AndroidStudioProjects\MyApplication5\app\build\intermediates\transforms\instantRunSlicer\debug\folders\1\5\slice_3
Launcher Type: SUN_STANDARD

Environment Variables:
PATH=C:\Program Files (x86)\AMD APP\bin\x86_64;C:\Program Files (x86)\AMD APP\bin\x86;C:\ProgramData\Oracle\Java\javapath;C:\Windows\system32;C:\Windows;C:\Windows\System32\Wbem;C:\Windows\System32\WindowsPowerShell\v1.0\;C:\Program Files (x86)\ATI Technologies\ATI.ACE\Core-Static;C:\Program Files\Java\jre1.8.0_25\bin;C:\Program Files\Java\jdk1.8.0_25\bin;C:\Program Files (x86)\Git\cmd;C:\Program Files (x86)\Git\bin;C:\Python34;C:\Program Files (x86)\Windows Kits\8.1\Windows Performance Toolkit\;C:\Program Files\Microsoft SQL Server\110\Tools\Binn\;C:\Program Files (x86)\Microsoft SDKs\TypeScript\1.0\;C:\Program Files (x86)\Skype\Phone\;
USERNAME=MugenKlaus
OS=Windows_NT
PROCESSOR_IDENTIFIER=AMD64 Family 21 Model 48 Stepping 1, AuthenticAMD



---------------  S Y S T E M  ---------------

OS: Windows 8 , 64 bit Build 9200 

CPU:total 4 (4 cores per cpu, 1 threads per core) family 21 model 48 stepping 1, cmov, cx8, fxsr, mmx, sse, sse2, sse3, ssse3, sse4.1, sse4.2, popcnt, avx, aes, mmxext, 3dnowpref, lzcnt, sse4a, tsc, tscinvbit, tscinv

Memory: 4k page, physical 8327772k(1254400k free), swap 9376348k(5104k free)

vm_info: Java HotSpot(TM) 64-Bit Server VM (24.75-b04) for windows-amd64 JRE (1.7.0_75-b13), built on Dec 18 2014 17:15:01 by "java_re" with unknown MS VC++:1600

time: Wed May 04 23:51:39 2016
elapsed time: 0 seconds

